<?xml version="1.0" encoding="UTF-8"?>
<!-- Generated by org.testng.reporters.JUnitReportReporter -->
<testsuite hostname="LAPTOP-UINCFN28" failures="0" tests="1" name="testScripts.Tc1" time="4.042" errors="0" timestamp="2023-02-14T01:58:24 IST" skipped="0">
  <testcase classname="testScripts.Tc1" name="tc" time="4.042"/>
  <system-out/>
</testsuite> <!-- testScripts.Tc1 -->
